<?xml version="1.0" encoding="UTF-8"?>
<testng-results ignored="0" total="9" passed="7" failed="2" skipped="0">
  <reporter-output>
  </reporter-output>
  <suite started-at="2024-08-02T00:09:21 IST" name="Default suite" finished-at="2024-08-02T00:15:26 IST" duration-ms="364909">
    <groups>
    </groups>
    <test started-at="2024-08-02T00:09:21 IST" name="Default test" finished-at="2024-08-02T00:15:26 IST" duration-ms="364909">
      <class name="LUMA_Project.Complete_Flow_Test">
        <test-method is-config="true" signature="openBrowser()[pri:0, instance:LUMA_Project.Complete_Flow_Test@13e344d]" started-at="2024-08-02T00:09:21 IST" name="openBrowser" finished-at="2024-08-02T00:09:28 IST" duration-ms="7613" status="PASS">
          <reporter-output>
          </reporter-output>
        </test-method> <!-- openBrowser -->
        <test-method signature="Search_FunctionalityTest()[pri:1, instance:LUMA_Project.Complete_Flow_Test@13e344d]" started-at="2024-08-02T00:09:28 IST" name="Search_FunctionalityTest" finished-at="2024-08-02T00:09:46 IST" duration-ms="17955" status="PASS">
          <reporter-output>
          </reporter-output>
        </test-method> <!-- Search_FunctionalityTest -->
        <test-method is-config="true" signature="tearDown()[pri:0, instance:LUMA_Project.Complete_Flow_Test@13e344d]" started-at="2024-08-02T00:09:46 IST" name="tearDown" finished-at="2024-08-02T00:09:47 IST" duration-ms="302" status="PASS">
          <reporter-output>
          </reporter-output>
        </test-method> <!-- tearDown -->
        <test-method is-config="true" signature="openBrowser()[pri:0, instance:LUMA_Project.Complete_Flow_Test@13e344d]" started-at="2024-08-02T00:09:47 IST" name="openBrowser" finished-at="2024-08-02T00:09:54 IST" duration-ms="6817" status="PASS">
          <reporter-output>
          </reporter-output>
        </test-method> <!-- openBrowser -->
        <test-method signature="Search_Functionality_NegativeTest()[pri:2, instance:LUMA_Project.Complete_Flow_Test@13e344d]" started-at="2024-08-02T00:09:54 IST" name="Search_Functionality_NegativeTest" finished-at="2024-08-02T00:10:11 IST" duration-ms="17801" status="PASS">
          <reporter-output>
          </reporter-output>
        </test-method> <!-- Search_Functionality_NegativeTest -->
        <test-method is-config="true" signature="tearDown()[pri:0, instance:LUMA_Project.Complete_Flow_Test@13e344d]" started-at="2024-08-02T00:10:11 IST" name="tearDown" finished-at="2024-08-02T00:10:12 IST" duration-ms="340" status="PASS">
          <reporter-output>
          </reporter-output>
        </test-method> <!-- tearDown -->
        <test-method is-config="true" signature="openBrowser()[pri:0, instance:LUMA_Project.Complete_Flow_Test@13e344d]" started-at="2024-08-02T00:10:12 IST" name="openBrowser" finished-at="2024-08-02T00:10:18 IST" duration-ms="6340" status="PASS">
          <reporter-output>
          </reporter-output>
        </test-method> <!-- openBrowser -->
        <test-method signature="Sorting_OptionsTest()[pri:3, instance:LUMA_Project.Complete_Flow_Test@13e344d]" started-at="2024-08-02T00:10:18 IST" name="Sorting_OptionsTest" finished-at="2024-08-02T00:10:57 IST" duration-ms="38803" status="PASS">
          <reporter-output>
          </reporter-output>
        </test-method> <!-- Sorting_OptionsTest -->
        <test-method is-config="true" signature="tearDown()[pri:0, instance:LUMA_Project.Complete_Flow_Test@13e344d]" started-at="2024-08-02T00:10:57 IST" name="tearDown" finished-at="2024-08-02T00:10:57 IST" duration-ms="253" status="PASS">
          <reporter-output>
          </reporter-output>
        </test-method> <!-- tearDown -->
        <test-method is-config="true" signature="openBrowser()[pri:0, instance:LUMA_Project.Complete_Flow_Test@13e344d]" started-at="2024-08-02T00:10:57 IST" name="openBrowser" finished-at="2024-08-02T00:11:04 IST" duration-ms="6913" status="PASS">
          <reporter-output>
          </reporter-output>
        </test-method> <!-- openBrowser -->
        <test-method signature="ProductTest()[pri:4, instance:LUMA_Project.Complete_Flow_Test@13e344d]" started-at="2024-08-02T00:11:04 IST" name="ProductTest" finished-at="2024-08-02T00:11:19 IST" duration-ms="14501" status="FAIL">
          <exception class="org.openqa.selenium.ElementNotInteractableException">
            <message>
              <![CDATA[element not interactable
  (Session info: chrome=127.0.6533.88)
Build info: version: '4.19.1', revision: 'abe0ee07dc'
System info: os.name: 'Windows 11', os.arch: 'amd64', os.version: '10.0', java.version: '17.0.8.1'
Driver info: org.openqa.selenium.chrome.ChromeDriver
Command: [551beadb60d5b7ab4419a732eba1f7be, clickElement {id=f.601A8015C407D78431851AC6416889B5.d.7EE5B71AC20CA4C017163CFD681FE761.e.76}]
Capabilities {acceptInsecureCerts: false, browserName: chrome, browserVersion: 127.0.6533.88, chrome: {chromedriverVersion: 127.0.6533.88 (a2d0cb026721..., userDataDir: C:\Users\Ankitaa\AppData\Lo...}, fedcm:accounts: true, goog:chromeOptions: {debuggerAddress: localhost:52138}, networkConnectionEnabled: false, pageLoadStrategy: normal, platformName: windows, proxy: Proxy(), se:cdp: ws://localhost:52138/devtoo..., se:cdpVersion: 127.0.6533.88, setWindowRect: true, strictFileInteractability: false, timeouts: {implicit: 0, pageLoad: 300000, script: 30000}, unhandledPromptBehavior: dismiss and notify, webauthn:extension:credBlob: true, webauthn:extension:largeBlob: true, webauthn:extension:minPinLength: true, webauthn:extension:prf: true, webauthn:virtualAuthenticators: true}
Element: [[ChromeDriver: chrome on windows (551beadb60d5b7ab4419a732eba1f7be)] -> xpath: /html/body/div[2]/header/div[1]/div/ul/li[2]/div/ul/li[3]/a]
Session ID: 551beadb60d5b7ab4419a732eba1f7be]]>
            </message>
            <full-stacktrace>
              <![CDATA[org.openqa.selenium.ElementNotInteractableException: element not interactable
  (Session info: chrome=127.0.6533.88)
Build info: version: '4.19.1', revision: 'abe0ee07dc'
System info: os.name: 'Windows 11', os.arch: 'amd64', os.version: '10.0', java.version: '17.0.8.1'
Driver info: org.openqa.selenium.chrome.ChromeDriver
Command: [551beadb60d5b7ab4419a732eba1f7be, clickElement {id=f.601A8015C407D78431851AC6416889B5.d.7EE5B71AC20CA4C017163CFD681FE761.e.76}]
Capabilities {acceptInsecureCerts: false, browserName: chrome, browserVersion: 127.0.6533.88, chrome: {chromedriverVersion: 127.0.6533.88 (a2d0cb026721..., userDataDir: C:\Users\Ankitaa\AppData\Lo...}, fedcm:accounts: true, goog:chromeOptions: {debuggerAddress: localhost:52138}, networkConnectionEnabled: false, pageLoadStrategy: normal, platformName: windows, proxy: Proxy(), se:cdp: ws://localhost:52138/devtoo..., se:cdpVersion: 127.0.6533.88, setWindowRect: true, strictFileInteractability: false, timeouts: {implicit: 0, pageLoad: 300000, script: 30000}, unhandledPromptBehavior: dismiss and notify, webauthn:extension:credBlob: true, webauthn:extension:largeBlob: true, webauthn:extension:minPinLength: true, webauthn:extension:prf: true, webauthn:virtualAuthenticators: true}
Element: [[ChromeDriver: chrome on windows (551beadb60d5b7ab4419a732eba1f7be)] -> xpath: /html/body/div[2]/header/div[1]/div/ul/li[2]/div/ul/li[3]/a]
Session ID: 551beadb60d5b7ab4419a732eba1f7be
at java.base/jdk.internal.reflect.NativeConstructorAccessorImpl.newInstance0(Native Method)
at java.base/jdk.internal.reflect.NativeConstructorAccessorImpl.newInstance(NativeConstructorAccessorImpl.java:77)
at java.base/jdk.internal.reflect.DelegatingConstructorAccessorImpl.newInstance(DelegatingConstructorAccessorImpl.java:45)
at java.base/java.lang.reflect.Constructor.newInstanceWithCaller(Constructor.java:499)
at java.base/java.lang.reflect.Constructor.newInstance(Constructor.java:480)
at org.openqa.selenium.remote.ErrorCodec.decode(ErrorCodec.java:167)
at org.openqa.selenium.remote.codec.w3c.W3CHttpResponseCodec.decode(W3CHttpResponseCodec.java:138)
at org.openqa.selenium.remote.codec.w3c.W3CHttpResponseCodec.decode(W3CHttpResponseCodec.java:50)
at org.openqa.selenium.remote.HttpCommandExecutor.execute(HttpCommandExecutor.java:190)
at org.openqa.selenium.remote.service.DriverCommandExecutor.invokeExecute(DriverCommandExecutor.java:216)
at org.openqa.selenium.remote.service.DriverCommandExecutor.execute(DriverCommandExecutor.java:174)
at org.openqa.selenium.remote.RemoteWebDriver.execute(RemoteWebDriver.java:518)
at org.openqa.selenium.remote.RemoteWebElement.execute(RemoteWebElement.java:223)
at org.openqa.selenium.remote.RemoteWebElement.click(RemoteWebElement.java:76)
at LUMA_Project.Sign_Out.testSignout(Sign_Out.java:59)
at LUMA_Project.Complete_Flow_Test.ProductTest(Complete_Flow_Test.java:100)
at java.base/jdk.internal.reflect.NativeMethodAccessorImpl.invoke0(Native Method)
at java.base/jdk.internal.reflect.NativeMethodAccessorImpl.invoke(NativeMethodAccessorImpl.java:77)
at java.base/jdk.internal.reflect.DelegatingMethodAccessorImpl.invoke(DelegatingMethodAccessorImpl.java:43)
at java.base/java.lang.reflect.Method.invoke(Method.java:568)
at org.testng.internal.invokers.MethodInvocationHelper.invokeMethod(MethodInvocationHelper.java:141)
at org.testng.internal.invokers.TestInvoker.invokeMethod(TestInvoker.java:686)
at org.testng.internal.invokers.TestInvoker.invokeTestMethod(TestInvoker.java:230)
at org.testng.internal.invokers.MethodRunner.runInSequence(MethodRunner.java:63)
at org.testng.internal.invokers.TestInvoker$MethodInvocationAgent.invoke(TestInvoker.java:992)
at org.testng.internal.invokers.TestInvoker.invokeTestMethods(TestInvoker.java:203)
at org.testng.internal.invokers.TestMethodWorker.invokeTestMethods(TestMethodWorker.java:154)
at org.testng.internal.invokers.TestMethodWorker.run(TestMethodWorker.java:134)
at java.base/java.util.ArrayList.forEach(ArrayList.java:1511)
at org.testng.TestRunner.privateRun(TestRunner.java:739)
at org.testng.TestRunner.run(TestRunner.java:614)
at org.testng.SuiteRunner.runTest(SuiteRunner.java:421)
at org.testng.SuiteRunner.runSequentially(SuiteRunner.java:413)
at org.testng.SuiteRunner.privateRun(SuiteRunner.java:373)
at org.testng.SuiteRunner.run(SuiteRunner.java:312)
at org.testng.SuiteRunnerWorker.runSuite(SuiteRunnerWorker.java:52)
at org.testng.SuiteRunnerWorker.run(SuiteRunnerWorker.java:95)
at org.testng.TestNG.runSuitesSequentially(TestNG.java:1274)
at org.testng.TestNG.runSuitesLocally(TestNG.java:1208)
at org.testng.TestNG.runSuites(TestNG.java:1112)
at org.testng.TestNG.run(TestNG.java:1079)
at org.testng.remote.AbstractRemoteTestNG.run(AbstractRemoteTestNG.java:115)
at org.testng.remote.RemoteTestNG.initAndRun(RemoteTestNG.java:293)
at org.testng.remote.RemoteTestNG.main(RemoteTestNG.java:91)
]]>
            </full-stacktrace>
          </exception> <!-- org.openqa.selenium.ElementNotInteractableException -->
          <reporter-output>
          </reporter-output>
        </test-method> <!-- ProductTest -->
        <test-method is-config="true" signature="tearDown()[pri:0, instance:LUMA_Project.Complete_Flow_Test@13e344d]" started-at="2024-08-02T00:11:19 IST" name="tearDown" finished-at="2024-08-02T00:11:19 IST" duration-ms="198" status="PASS">
          <reporter-output>
          </reporter-output>
        </test-method> <!-- tearDown -->
        <test-method is-config="true" signature="openBrowser()[pri:0, instance:LUMA_Project.Complete_Flow_Test@13e344d]" started-at="2024-08-02T00:11:19 IST" name="openBrowser" finished-at="2024-08-02T00:11:27 IST" duration-ms="8025" status="PASS">
          <reporter-output>
          </reporter-output>
        </test-method> <!-- openBrowser -->
        <test-method signature="wishlist_Test()[pri:5, instance:LUMA_Project.Complete_Flow_Test@13e344d]" started-at="2024-08-02T00:11:27 IST" name="wishlist_Test" finished-at="2024-08-02T00:11:58 IST" duration-ms="31350" status="FAIL">
          <exception class="org.openqa.selenium.ElementNotInteractableException">
            <message>
              <![CDATA[element not interactable
  (Session info: chrome=127.0.6533.88)
Build info: version: '4.19.1', revision: 'abe0ee07dc'
System info: os.name: 'Windows 11', os.arch: 'amd64', os.version: '10.0', java.version: '17.0.8.1'
Driver info: org.openqa.selenium.chrome.ChromeDriver
Command: [4e8a5d031f90e1e786431c9d82e0e8fd, clickElement {id=f.C410749FEB09EC51C6900CD77C58B838.d.041D1684CF334DB73D8CFD779C1475DC.e.120}]
Capabilities {acceptInsecureCerts: false, browserName: chrome, browserVersion: 127.0.6533.88, chrome: {chromedriverVersion: 127.0.6533.88 (a2d0cb026721..., userDataDir: C:\Users\Ankitaa\AppData\Lo...}, fedcm:accounts: true, goog:chromeOptions: {debuggerAddress: localhost:52170}, networkConnectionEnabled: false, pageLoadStrategy: normal, platformName: windows, proxy: Proxy(), se:cdp: ws://localhost:52170/devtoo..., se:cdpVersion: 127.0.6533.88, setWindowRect: true, strictFileInteractability: false, timeouts: {implicit: 0, pageLoad: 300000, script: 30000}, unhandledPromptBehavior: dismiss and notify, webauthn:extension:credBlob: true, webauthn:extension:largeBlob: true, webauthn:extension:minPinLength: true, webauthn:extension:prf: true, webauthn:virtualAuthenticators: true}
Element: [[ChromeDriver: chrome on windows (4e8a5d031f90e1e786431c9d82e0e8fd)] -> xpath: /html/body/div[2]/header/div[1]/div/ul/li[2]/div/ul/li[3]/a]
Session ID: 4e8a5d031f90e1e786431c9d82e0e8fd]]>
            </message>
            <full-stacktrace>
              <![CDATA[org.openqa.selenium.ElementNotInteractableException: element not interactable
  (Session info: chrome=127.0.6533.88)
Build info: version: '4.19.1', revision: 'abe0ee07dc'
System info: os.name: 'Windows 11', os.arch: 'amd64', os.version: '10.0', java.version: '17.0.8.1'
Driver info: org.openqa.selenium.chrome.ChromeDriver
Command: [4e8a5d031f90e1e786431c9d82e0e8fd, clickElement {id=f.C410749FEB09EC51C6900CD77C58B838.d.041D1684CF334DB73D8CFD779C1475DC.e.120}]
Capabilities {acceptInsecureCerts: false, browserName: chrome, browserVersion: 127.0.6533.88, chrome: {chromedriverVersion: 127.0.6533.88 (a2d0cb026721..., userDataDir: C:\Users\Ankitaa\AppData\Lo...}, fedcm:accounts: true, goog:chromeOptions: {debuggerAddress: localhost:52170}, networkConnectionEnabled: false, pageLoadStrategy: normal, platformName: windows, proxy: Proxy(), se:cdp: ws://localhost:52170/devtoo..., se:cdpVersion: 127.0.6533.88, setWindowRect: true, strictFileInteractability: false, timeouts: {implicit: 0, pageLoad: 300000, script: 30000}, unhandledPromptBehavior: dismiss and notify, webauthn:extension:credBlob: true, webauthn:extension:largeBlob: true, webauthn:extension:minPinLength: true, webauthn:extension:prf: true, webauthn:virtualAuthenticators: true}
Element: [[ChromeDriver: chrome on windows (4e8a5d031f90e1e786431c9d82e0e8fd)] -> xpath: /html/body/div[2]/header/div[1]/div/ul/li[2]/div/ul/li[3]/a]
Session ID: 4e8a5d031f90e1e786431c9d82e0e8fd
at java.base/jdk.internal.reflect.NativeConstructorAccessorImpl.newInstance0(Native Method)
at java.base/jdk.internal.reflect.NativeConstructorAccessorImpl.newInstance(NativeConstructorAccessorImpl.java:77)
at java.base/jdk.internal.reflect.DelegatingConstructorAccessorImpl.newInstance(DelegatingConstructorAccessorImpl.java:45)
at java.base/java.lang.reflect.Constructor.newInstanceWithCaller(Constructor.java:499)
at java.base/java.lang.reflect.Constructor.newInstance(Constructor.java:480)
at org.openqa.selenium.remote.ErrorCodec.decode(ErrorCodec.java:167)
at org.openqa.selenium.remote.codec.w3c.W3CHttpResponseCodec.decode(W3CHttpResponseCodec.java:138)
at org.openqa.selenium.remote.codec.w3c.W3CHttpResponseCodec.decode(W3CHttpResponseCodec.java:50)
at org.openqa.selenium.remote.HttpCommandExecutor.execute(HttpCommandExecutor.java:190)
at org.openqa.selenium.remote.service.DriverCommandExecutor.invokeExecute(DriverCommandExecutor.java:216)
at org.openqa.selenium.remote.service.DriverCommandExecutor.execute(DriverCommandExecutor.java:174)
at org.openqa.selenium.remote.RemoteWebDriver.execute(RemoteWebDriver.java:518)
at org.openqa.selenium.remote.RemoteWebElement.execute(RemoteWebElement.java:223)
at org.openqa.selenium.remote.RemoteWebElement.click(RemoteWebElement.java:76)
at LUMA_Project.Sign_Out.testSignout(Sign_Out.java:59)
at LUMA_Project.Complete_Flow_Test.wishlist_Test(Complete_Flow_Test.java:121)
at java.base/jdk.internal.reflect.NativeMethodAccessorImpl.invoke0(Native Method)
at java.base/jdk.internal.reflect.NativeMethodAccessorImpl.invoke(NativeMethodAccessorImpl.java:77)
at java.base/jdk.internal.reflect.DelegatingMethodAccessorImpl.invoke(DelegatingMethodAccessorImpl.java:43)
at java.base/java.lang.reflect.Method.invoke(Method.java:568)
at org.testng.internal.invokers.MethodInvocationHelper.invokeMethod(MethodInvocationHelper.java:141)
at org.testng.internal.invokers.TestInvoker.invokeMethod(TestInvoker.java:686)
at org.testng.internal.invokers.TestInvoker.invokeTestMethod(TestInvoker.java:230)
at org.testng.internal.invokers.MethodRunner.runInSequence(MethodRunner.java:63)
at org.testng.internal.invokers.TestInvoker$MethodInvocationAgent.invoke(TestInvoker.java:992)
at org.testng.internal.invokers.TestInvoker.invokeTestMethods(TestInvoker.java:203)
at org.testng.internal.invokers.TestMethodWorker.invokeTestMethods(TestMethodWorker.java:154)
at org.testng.internal.invokers.TestMethodWorker.run(TestMethodWorker.java:134)
at java.base/java.util.ArrayList.forEach(ArrayList.java:1511)
at org.testng.TestRunner.privateRun(TestRunner.java:739)
at org.testng.TestRunner.run(TestRunner.java:614)
at org.testng.SuiteRunner.runTest(SuiteRunner.java:421)
at org.testng.SuiteRunner.runSequentially(SuiteRunner.java:413)
at org.testng.SuiteRunner.privateRun(SuiteRunner.java:373)
at org.testng.SuiteRunner.run(SuiteRunner.java:312)
at org.testng.SuiteRunnerWorker.runSuite(SuiteRunnerWorker.java:52)
at org.testng.SuiteRunnerWorker.run(SuiteRunnerWorker.java:95)
at org.testng.TestNG.runSuitesSequentially(TestNG.java:1274)
at org.testng.TestNG.runSuitesLocally(TestNG.java:1208)
at org.testng.TestNG.runSuites(TestNG.java:1112)
at org.testng.TestNG.run(TestNG.java:1079)
at org.testng.remote.AbstractRemoteTestNG.run(AbstractRemoteTestNG.java:115)
at org.testng.remote.RemoteTestNG.initAndRun(RemoteTestNG.java:293)
at org.testng.remote.RemoteTestNG.main(RemoteTestNG.java:91)
]]>
            </full-stacktrace>
          </exception> <!-- org.openqa.selenium.ElementNotInteractableException -->
          <reporter-output>
          </reporter-output>
        </test-method> <!-- wishlist_Test -->
        <test-method is-config="true" signature="tearDown()[pri:0, instance:LUMA_Project.Complete_Flow_Test@13e344d]" started-at="2024-08-02T00:11:58 IST" name="tearDown" finished-at="2024-08-02T00:11:58 IST" duration-ms="174" status="PASS">
          <reporter-output>
          </reporter-output>
        </test-method> <!-- tearDown -->
        <test-method is-config="true" signature="openBrowser()[pri:0, instance:LUMA_Project.Complete_Flow_Test@13e344d]" started-at="2024-08-02T00:11:58 IST" name="openBrowser" finished-at="2024-08-02T00:12:04 IST" duration-ms="5898" status="PASS">
          <reporter-output>
          </reporter-output>
        </test-method> <!-- openBrowser -->
        <test-method signature="removeFromWishlist_Test()[pri:6, instance:LUMA_Project.Complete_Flow_Test@13e344d]" started-at="2024-08-02T00:12:04 IST" name="removeFromWishlist_Test" finished-at="2024-08-02T00:12:37 IST" duration-ms="32802" status="PASS">
          <reporter-output>
          </reporter-output>
        </test-method> <!-- removeFromWishlist_Test -->
        <test-method is-config="true" signature="tearDown()[pri:0, instance:LUMA_Project.Complete_Flow_Test@13e344d]" started-at="2024-08-02T00:12:37 IST" name="tearDown" finished-at="2024-08-02T00:12:37 IST" duration-ms="262" status="PASS">
          <reporter-output>
          </reporter-output>
        </test-method> <!-- tearDown -->
        <test-method is-config="true" signature="openBrowser()[pri:0, instance:LUMA_Project.Complete_Flow_Test@13e344d]" started-at="2024-08-02T00:12:37 IST" name="openBrowser" finished-at="2024-08-02T00:12:44 IST" duration-ms="6585" status="PASS">
          <reporter-output>
          </reporter-output>
        </test-method> <!-- openBrowser -->
        <test-method signature="AddToCartTest()[pri:7, instance:LUMA_Project.Complete_Flow_Test@13e344d]" started-at="2024-08-02T00:12:44 IST" name="AddToCartTest" finished-at="2024-08-02T00:13:10 IST" duration-ms="26594" status="PASS">
          <reporter-output>
          </reporter-output>
        </test-method> <!-- AddToCartTest -->
        <test-method is-config="true" signature="tearDown()[pri:0, instance:LUMA_Project.Complete_Flow_Test@13e344d]" started-at="2024-08-02T00:13:10 IST" name="tearDown" finished-at="2024-08-02T00:13:11 IST" duration-ms="198" status="PASS">
          <reporter-output>
          </reporter-output>
        </test-method> <!-- tearDown -->
        <test-method is-config="true" signature="openBrowser()[pri:0, instance:LUMA_Project.Complete_Flow_Test@13e344d]" started-at="2024-08-02T00:13:11 IST" name="openBrowser" finished-at="2024-08-02T00:13:17 IST" duration-ms="6482" status="PASS">
          <reporter-output>
          </reporter-output>
        </test-method> <!-- openBrowser -->
        <test-method signature="RemoveProductFromCart_Test()[pri:8, instance:LUMA_Project.Complete_Flow_Test@13e344d]" started-at="2024-08-02T00:13:17 IST" name="RemoveProductFromCart_Test" finished-at="2024-08-02T00:14:29 IST" duration-ms="72040" status="PASS">
          <reporter-output>
          </reporter-output>
        </test-method> <!-- RemoveProductFromCart_Test -->
        <test-method is-config="true" signature="tearDown()[pri:0, instance:LUMA_Project.Complete_Flow_Test@13e344d]" started-at="2024-08-02T00:14:29 IST" name="tearDown" finished-at="2024-08-02T00:14:30 IST" duration-ms="342" status="PASS">
          <reporter-output>
          </reporter-output>
        </test-method> <!-- tearDown -->
        <test-method is-config="true" signature="openBrowser()[pri:0, instance:LUMA_Project.Complete_Flow_Test@13e344d]" started-at="2024-08-02T00:14:30 IST" name="openBrowser" finished-at="2024-08-02T00:14:36 IST" duration-ms="6391" status="PASS">
          <reporter-output>
          </reporter-output>
        </test-method> <!-- openBrowser -->
        <test-method signature="CheckOutPayment_Process()[pri:9, instance:LUMA_Project.Complete_Flow_Test@13e344d]" started-at="2024-08-02T00:14:36 IST" name="CheckOutPayment_Process" finished-at="2024-08-02T00:15:25 IST" duration-ms="49431" status="PASS">
          <reporter-output>
          </reporter-output>
        </test-method> <!-- CheckOutPayment_Process -->
        <test-method is-config="true" signature="tearDown()[pri:0, instance:LUMA_Project.Complete_Flow_Test@13e344d]" started-at="2024-08-02T00:15:25 IST" name="tearDown" finished-at="2024-08-02T00:15:26 IST" duration-ms="364" status="PASS">
          <reporter-output>
          </reporter-output>
        </test-method> <!-- tearDown -->
      </class> <!-- LUMA_Project.Complete_Flow_Test -->
    </test> <!-- Default test -->
  </suite> <!-- Default suite -->
</testng-results>
